2008.06.10 20:43 B C:\webroot\byst\cal\themes\aqua.css --> tanmoybanerjee.com /www/byst/cal/themes aqua.css
2008.06.10 20:43 B C:\webroot\byst\cal\themes\bluexp.css --> tanmoybanerjee.com /www/byst/cal/themes bluexp.css
2008.06.10 20:43 B C:\webroot\byst\cal\themes\fancyblue.css --> tanmoybanerjee.com /www/byst/cal/themes fancyblue.css
2008.06.10 20:43 B C:\webroot\byst\cal\themes\forest.css --> tanmoybanerjee.com /www/byst/cal/themes forest.css
2008.06.10 20:43 B C:\webroot\byst\cal\themes\green.css --> tanmoybanerjee.com /www/byst/cal/themes green.css
2008.06.10 20:43 B C:\webroot\byst\cal\themes\greengrass.css --> tanmoybanerjee.com /www/byst/cal/themes greengrass.css
2008.06.10 20:44 B C:\webroot\byst\cal\themes\img.gif --> tanmoybanerjee.com /www/byst/cal/themes img.gif
2008.06.10 20:44 B C:\webroot\byst\cal\themes\maroon.css --> tanmoybanerjee.com /www/byst/cal/themes maroon.css
2008.06.10 20:44 B C:\webroot\byst\cal\themes\menuarrow.gif --> tanmoybanerjee.com /www/byst/cal/themes menuarrow.gif
2008.06.10 20:44 B C:\webroot\byst\cal\themes\menuarrow.png --> tanmoybanerjee.com /www/byst/cal/themes menuarrow.png
2008.06.10 20:44 B C:\webroot\byst\cal\themes\menuarrow2.gif --> tanmoybanerjee.com /www/byst/cal/themes menuarrow2.gif
2008.06.10 20:44 B C:\webroot\byst\cal\themes\scroller-down-hover.gif --> tanmoybanerjee.com /www/byst/cal/themes scroller-down-hover.gif
2008.06.10 20:44 B C:\webroot\byst\cal\themes\scroller-down.gif --> tanmoybanerjee.com /www/byst/cal/themes scroller-down.gif
2008.06.10 20:44 B C:\webroot\byst\cal\themes\scroller-up-hover.gif --> tanmoybanerjee.com /www/byst/cal/themes scroller-up-hover.gif
2008.06.10 20:44 B C:\webroot\byst\cal\themes\scroller-up.gif --> tanmoybanerjee.com /www/byst/cal/themes scroller-up.gif
2008.06.10 20:44 B C:\webroot\byst\cal\themes\system.css --> tanmoybanerjee.com /www/byst/cal/themes system.css
2008.06.10 20:44 B C:\webroot\byst\cal\themes\Thumbs.db --> tanmoybanerjee.com /www/byst/cal/themes Thumbs.db
2008.06.10 20:44 B C:\webroot\byst\cal\themes\win2k.css --> tanmoybanerjee.com /www/byst/cal/themes win2k.css
2008.06.10 20:44 B C:\webroot\byst\cal\themes\winter.css --> tanmoybanerjee.com /www/byst/cal/themes winter.css
2008.06.10 20:44 B C:\webroot\byst\cal\themes\winxp.css --> tanmoybanerjee.com /www/byst/cal/themes winxp.css
2008.06.10 20:44 B C:\webroot\byst\cal\themes\wood.css --> tanmoybanerjee.com /www/byst/cal/themes wood.css
2008.06.10 20:44 B C:\webroot\byst\cal\themes\yellow.css --> tanmoybanerjee.com /www/byst/cal/themes yellow.css
